<?xml version="1.0" encoding="UTF-8"?>
<!-- Generated by org.testng.reporters.JUnitXMLReporter -->
<testsuite hostname="LAPTOP-VFM9P8ED" ignored="0" name="Default test" tests="3" failures="0" timestamp="2020-02-06T16:14:15 IST" time="84.588" errors="0">
  <testcase name="verifyFlipkartPrice" time="10.006" classname="Assignment1.Assignment1.FirstAssignment"/>
  <testcase name="verifyPaytmMallPrice" time="40.226" classname="Assignment1.Assignment1.FirstAssignment"/>
  <testcase name="PriceComparision" time="0.004" classname="Assignment1.Assignment1.FirstAssignment"/>
</testsuite> <!-- Default test -->
