<?xml version="1.0" encoding="UTF-8"?>
<testng-results skipped="0" failed="0" ignored="0" total="3" passed="3">
  <reporter-output>
  </reporter-output>
  <suite name="Default-suite" duration-ms="84588" started-at="2020-02-06T16:12:51 IST" finished-at="2020-02-06T16:14:15 IST">
    <groups>
    </groups>
    <test name="Default-test" duration-ms="84588" started-at="2020-02-06T16:12:51 IST" finished-at="2020-02-06T16:14:15 IST">
      <class name="Assignment1.Assignment1.FirstAssignment">
        <test-method status="PASS" signature="setUp()[pri:0, instance:Assignment1.Assignment1.FirstAssignment@a7e666]" name="setUp" is-config="true" duration-ms="5909" started-at="2020-02-06T16:12:51 IST" finished-at="2020-02-06T16:12:57 IST">
          <reporter-output>
          </reporter-output>
        </test-method> <!-- setUp -->
        <test-method status="PASS" signature="verifyFlipkartPrice()[pri:1, instance:Assignment1.Assignment1.FirstAssignment@a7e666]" name="verifyFlipkartPrice" duration-ms="10006" started-at="2020-02-06T16:12:57 IST" finished-at="2020-02-06T16:13:07 IST">
          <reporter-output>
          </reporter-output>
        </test-method> <!-- verifyFlipkartPrice -->
        <test-method status="PASS" signature="tearDown()[pri:0, instance:Assignment1.Assignment1.FirstAssignment@a7e666]" name="tearDown" is-config="true" duration-ms="8651" started-at="2020-02-06T16:13:07 IST" finished-at="2020-02-06T16:13:15 IST">
          <reporter-output>
          </reporter-output>
        </test-method> <!-- tearDown -->
        <test-method status="PASS" signature="setUp()[pri:0, instance:Assignment1.Assignment1.FirstAssignment@a7e666]" name="setUp" is-config="true" duration-ms="4430" started-at="2020-02-06T16:13:15 IST" finished-at="2020-02-06T16:13:20 IST">
          <reporter-output>
          </reporter-output>
        </test-method> <!-- setUp -->
        <test-method status="PASS" signature="verifyPaytmMallPrice()[pri:2, instance:Assignment1.Assignment1.FirstAssignment@a7e666]" name="verifyPaytmMallPrice" duration-ms="40226" started-at="2020-02-06T16:13:20 IST" finished-at="2020-02-06T16:14:00 IST">
          <reporter-output>
          </reporter-output>
        </test-method> <!-- verifyPaytmMallPrice -->
        <test-method status="PASS" signature="tearDown()[pri:0, instance:Assignment1.Assignment1.FirstAssignment@a7e666]" name="tearDown" is-config="true" duration-ms="5773" started-at="2020-02-06T16:14:00 IST" finished-at="2020-02-06T16:14:06 IST">
          <reporter-output>
          </reporter-output>
        </test-method> <!-- tearDown -->
        <test-method status="PASS" signature="setUp()[pri:0, instance:Assignment1.Assignment1.FirstAssignment@a7e666]" name="setUp" is-config="true" duration-ms="4960" started-at="2020-02-06T16:14:06 IST" finished-at="2020-02-06T16:14:11 IST">
          <reporter-output>
          </reporter-output>
        </test-method> <!-- setUp -->
        <test-method status="PASS" signature="PriceComparision()[pri:3, instance:Assignment1.Assignment1.FirstAssignment@a7e666]" name="PriceComparision" duration-ms="4" started-at="2020-02-06T16:14:11 IST" finished-at="2020-02-06T16:14:11 IST">
          <reporter-output>
          </reporter-output>
        </test-method> <!-- PriceComparision -->
        <test-method status="PASS" signature="tearDown()[pri:0, instance:Assignment1.Assignment1.FirstAssignment@a7e666]" name="tearDown" is-config="true" duration-ms="4547" started-at="2020-02-06T16:14:11 IST" finished-at="2020-02-06T16:14:15 IST">
          <reporter-output>
          </reporter-output>
        </test-method> <!-- tearDown -->
      </class> <!-- Assignment1.Assignment1.FirstAssignment -->
    </test> <!-- Default test -->
  </suite> <!-- Default suite -->
</testng-results>
